mode: set
github.com/BogdanYanov/go-library/library/readers_director.go:17.93,18.16 1 1
github.com/BogdanYanov/go-library/library/readers_director.go:21.2,21.16 1 1
github.com/BogdanYanov/go-library/library/readers_director.go:24.2,24.20 1 1
github.com/BogdanYanov/go-library/library/readers_director.go:27.2,33.34 2 1
github.com/BogdanYanov/go-library/library/readers_director.go:36.2,36.11 1 1
github.com/BogdanYanov/go-library/library/readers_director.go:18.16,20.3 1 1
github.com/BogdanYanov/go-library/library/readers_director.go:21.16,23.3 1 1
github.com/BogdanYanov/go-library/library/readers_director.go:24.20,26.3 1 1
github.com/BogdanYanov/go-library/library/readers_director.go:33.34,35.3 1 1
github.com/BogdanYanov/go-library/library/readers_director.go:40.53,41.39 1 1
github.com/BogdanYanov/go-library/library/readers_director.go:56.2,56.18 1 1
github.com/BogdanYanov/go-library/library/readers_director.go:41.39,42.27 1 1
github.com/BogdanYanov/go-library/library/readers_director.go:42.27,43.8 1 1
github.com/BogdanYanov/go-library/library/readers_director.go:43.8,44.12 1 1
github.com/BogdanYanov/go-library/library/readers_director.go:45.30,46.24 1 1
github.com/BogdanYanov/go-library/library/readers_director.go:49.6,49.12 1 1
github.com/BogdanYanov/go-library/library/readers_director.go:50.13,51.19 1 1
github.com/BogdanYanov/go-library/library/readers_director.go:46.24,48.7 1 1
github.com/BogdanYanov/go-library/library/wastepaper.go:31.73,32.41 1 1
github.com/BogdanYanov/go-library/library/wastepaper.go:35.2,35.39 1 1
github.com/BogdanYanov/go-library/library/wastepaper.go:38.2,39.66 2 1
github.com/BogdanYanov/go-library/library/wastepaper.go:42.2,48.3 1 1
github.com/BogdanYanov/go-library/library/wastepaper.go:32.41,34.3 1 1
github.com/BogdanYanov/go-library/library/wastepaper.go:35.39,37.3 1 1
github.com/BogdanYanov/go-library/library/wastepaper.go:39.66,41.3 1 1
github.com/BogdanYanov/go-library/library/wastepaper.go:52.23,56.2 3 1
github.com/BogdanYanov/go-library/library/wastepaper.go:59.22,63.2 3 1
github.com/BogdanYanov/go-library/library/wastepaper.go:66.31,70.2 3 1
github.com/BogdanYanov/go-library/library/wastepaper.go:73.33,75.2 1 1
github.com/BogdanYanov/go-library/library/wastepaper.go:78.23,80.2 1 1
github.com/BogdanYanov/go-library/library/library.go:11.28,14.2 2 1
github.com/BogdanYanov/go-library/library/library.go:17.55,18.27 1 1
github.com/BogdanYanov/go-library/library/library.go:21.2,21.42 1 1
github.com/BogdanYanov/go-library/library/library.go:24.2,24.37 1 1
github.com/BogdanYanov/go-library/library/library.go:27.2,28.30 2 1
github.com/BogdanYanov/go-library/library/library.go:18.27,20.3 1 1
github.com/BogdanYanov/go-library/library/library.go:21.42,23.3 1 1
github.com/BogdanYanov/go-library/library/library.go:24.37,26.3 1 1
github.com/BogdanYanov/go-library/library/library.go:32.50,34.2 1 1
github.com/BogdanYanov/go-library/library/library.go:37.50,38.15 1 1
github.com/BogdanYanov/go-library/library/library.go:41.2,41.27 1 1
github.com/BogdanYanov/go-library/library/library.go:44.2,44.45 1 1
github.com/BogdanYanov/go-library/library/library.go:38.15,40.3 1 1
github.com/BogdanYanov/go-library/library/library.go:41.27,43.3 1 1
github.com/BogdanYanov/go-library/library/reader.go:31.105,32.16 1 1
github.com/BogdanYanov/go-library/library/reader.go:35.2,35.16 1 1
github.com/BogdanYanov/go-library/library/reader.go:38.2,38.19 1 1
github.com/BogdanYanov/go-library/library/reader.go:41.2,41.17 1 1
github.com/BogdanYanov/go-library/library/reader.go:44.2,52.3 1 1
github.com/BogdanYanov/go-library/library/reader.go:32.16,34.3 1 1
github.com/BogdanYanov/go-library/library/reader.go:35.16,37.3 1 1
github.com/BogdanYanov/go-library/library/reader.go:38.19,40.3 1 1
github.com/BogdanYanov/go-library/library/reader.go:41.17,43.3 1 1
github.com/BogdanYanov/go-library/library/reader.go:56.25,71.29 5 1
github.com/BogdanYanov/go-library/library/reader.go:75.2,75.42 1 1
github.com/BogdanYanov/go-library/library/reader.go:80.2,82.54 2 1
github.com/BogdanYanov/go-library/library/reader.go:89.2,95.70 4 1
github.com/BogdanYanov/go-library/library/reader.go:99.2,106.70 5 1
github.com/BogdanYanov/go-library/library/reader.go:71.29,73.3 1 1
github.com/BogdanYanov/go-library/library/reader.go:75.42,78.3 2 1
github.com/BogdanYanov/go-library/library/reader.go:82.54,87.3 1 1
github.com/BogdanYanov/go-library/library/reader.go:95.70,97.3 1 1
github.com/BogdanYanov/go-library/library/reader.go:106.70,109.62 2 1
github.com/BogdanYanov/go-library/library/reader.go:109.62,110.21 1 1
github.com/BogdanYanov/go-library/library/reader.go:110.21,112.5 1 1
github.com/BogdanYanov/go-library/library/reader.go:117.48,124.23 3 1
github.com/BogdanYanov/go-library/library/reader.go:129.2,131.27 3 1
github.com/BogdanYanov/go-library/library/reader.go:124.23,128.3 3 1
github.com/BogdanYanov/go-library/library/reader.go:135.39,137.41 2 1
github.com/BogdanYanov/go-library/library/reader.go:137.41,141.3 3 1
