mode: set
github.com/BogdanYanov/go-library/library/library.go:11.28,14.2 2 1
github.com/BogdanYanov/go-library/library/library.go:17.55,18.27 1 1
github.com/BogdanYanov/go-library/library/library.go:21.2,21.42 1 1
github.com/BogdanYanov/go-library/library/library.go:24.2,25.37 2 1
github.com/BogdanYanov/go-library/library/library.go:29.2,31.30 3 1
github.com/BogdanYanov/go-library/library/library.go:18.27,20.3 1 1
github.com/BogdanYanov/go-library/library/library.go:21.42,23.3 1 1
github.com/BogdanYanov/go-library/library/library.go:25.37,28.3 2 1
github.com/BogdanYanov/go-library/library/library.go:35.50,39.2 3 1
github.com/BogdanYanov/go-library/library/library.go:42.50,43.15 1 1
github.com/BogdanYanov/go-library/library/library.go:46.2,46.27 1 1
github.com/BogdanYanov/go-library/library/library.go:49.2,49.45 1 1
github.com/BogdanYanov/go-library/library/library.go:43.15,45.3 1 1
github.com/BogdanYanov/go-library/library/library.go:46.27,48.3 1 1
github.com/BogdanYanov/go-library/library/reader.go:33.105,34.16 1 1
github.com/BogdanYanov/go-library/library/reader.go:37.2,37.16 1 1
github.com/BogdanYanov/go-library/library/reader.go:40.2,40.19 1 1
github.com/BogdanYanov/go-library/library/reader.go:43.2,43.17 1 1
github.com/BogdanYanov/go-library/library/reader.go:46.2,54.3 1 1
github.com/BogdanYanov/go-library/library/reader.go:34.16,36.3 1 1
github.com/BogdanYanov/go-library/library/reader.go:37.16,39.3 1 1
github.com/BogdanYanov/go-library/library/reader.go:40.19,42.3 1 1
github.com/BogdanYanov/go-library/library/reader.go:43.17,45.3 1 1
github.com/BogdanYanov/go-library/library/reader.go:58.31,69.29 5 1
github.com/BogdanYanov/go-library/library/reader.go:73.2,73.42 1 1
github.com/BogdanYanov/go-library/library/reader.go:78.2,80.54 2 1
github.com/BogdanYanov/go-library/library/reader.go:87.2,91.32 5 1
github.com/BogdanYanov/go-library/library/reader.go:95.2,96.16 2 1
github.com/BogdanYanov/go-library/library/reader.go:100.2,102.16 3 1
github.com/BogdanYanov/go-library/library/reader.go:106.2,107.16 2 1
github.com/BogdanYanov/go-library/library/reader.go:111.2,116.32 6 1
github.com/BogdanYanov/go-library/library/reader.go:125.2,125.12 1 1
github.com/BogdanYanov/go-library/library/reader.go:69.29,71.3 1 1
github.com/BogdanYanov/go-library/library/reader.go:73.42,76.3 2 1
github.com/BogdanYanov/go-library/library/reader.go:80.54,85.3 1 1
github.com/BogdanYanov/go-library/library/reader.go:91.32,93.3 1 1
github.com/BogdanYanov/go-library/library/reader.go:96.16,98.3 1 1
github.com/BogdanYanov/go-library/library/reader.go:102.16,104.3 1 0
github.com/BogdanYanov/go-library/library/reader.go:107.16,109.3 1 0
github.com/BogdanYanov/go-library/library/reader.go:116.32,118.62 2 1
github.com/BogdanYanov/go-library/library/reader.go:118.62,119.21 1 1
github.com/BogdanYanov/go-library/library/reader.go:119.21,121.5 1 1
github.com/BogdanYanov/go-library/library/reader.go:128.49,132.2 3 1
github.com/BogdanYanov/go-library/library/reader.go:135.39,137.41 2 1
github.com/BogdanYanov/go-library/library/reader.go:137.41,141.3 3 1
github.com/BogdanYanov/go-library/library/readers_director.go:18.93,19.16 1 1
github.com/BogdanYanov/go-library/library/readers_director.go:22.2,22.16 1 1
github.com/BogdanYanov/go-library/library/readers_director.go:25.2,25.20 1 1
github.com/BogdanYanov/go-library/library/readers_director.go:28.2,34.34 2 1
github.com/BogdanYanov/go-library/library/readers_director.go:37.2,37.11 1 1
github.com/BogdanYanov/go-library/library/readers_director.go:19.16,21.3 1 1
github.com/BogdanYanov/go-library/library/readers_director.go:22.16,24.3 1 1
github.com/BogdanYanov/go-library/library/readers_director.go:25.20,27.3 1 1
github.com/BogdanYanov/go-library/library/readers_director.go:34.34,36.3 1 1
github.com/BogdanYanov/go-library/library/readers_director.go:41.53,42.39 1 1
github.com/BogdanYanov/go-library/library/readers_director.go:62.2,62.18 1 1
github.com/BogdanYanov/go-library/library/readers_director.go:42.39,43.27 1 1
github.com/BogdanYanov/go-library/library/readers_director.go:43.27,44.8 1 0
github.com/BogdanYanov/go-library/library/readers_director.go:44.8,45.12 1 0
github.com/BogdanYanov/go-library/library/readers_director.go:46.30,47.24 1 0
github.com/BogdanYanov/go-library/library/readers_director.go:50.6,50.12 1 0
github.com/BogdanYanov/go-library/library/readers_director.go:51.13,53.20 2 0
github.com/BogdanYanov/go-library/library/readers_director.go:47.24,49.7 1 0
github.com/BogdanYanov/go-library/library/readers_director.go:53.20,57.7 3 0
github.com/BogdanYanov/go-library/library/wastepaper.go:33.73,34.41 1 1
github.com/BogdanYanov/go-library/library/wastepaper.go:37.2,37.39 1 1
github.com/BogdanYanov/go-library/library/wastepaper.go:40.2,41.66 2 1
github.com/BogdanYanov/go-library/library/wastepaper.go:44.2,50.3 1 1
github.com/BogdanYanov/go-library/library/wastepaper.go:34.41,36.3 1 1
github.com/BogdanYanov/go-library/library/wastepaper.go:37.39,39.3 1 1
github.com/BogdanYanov/go-library/library/wastepaper.go:41.66,43.3 1 1
github.com/BogdanYanov/go-library/library/wastepaper.go:54.23,56.2 1 1
github.com/BogdanYanov/go-library/library/wastepaper.go:59.22,61.2 1 1
github.com/BogdanYanov/go-library/library/wastepaper.go:64.31,66.2 1 1
github.com/BogdanYanov/go-library/library/wastepaper.go:69.23,71.2 1 1
github.com/BogdanYanov/go-library/library/wastepaper.go:74.25,76.2 1 1
github.com/BogdanYanov/go-library/library/wastepaper.go:79.33,81.2 1 1
github.com/BogdanYanov/go-library/library/wastepaper.go:84.23,86.2 1 1
